<?xml version="1.0" encoding="UTF-8"?>
<robot generator="Robot 3.2.1 (Python 3.8.5 on win32)" generated="20200807 01:37:18.180" rpa="false">
<suite id="s1" name="WorldTicketProject" source="C:\Users\Win10\Desktop\Junior QA assignment\WorldTicketProject.robot">
<test id="s1-t1" name="Search case">
<kw name="Open WebBrowser">
<kw name="Open Browser" library="Selenium2Library">
<doc>Opens a new browser instance to the optional ``url``.</doc>
<arguments>
<arg>${url}</arg>
<arg>${browser}</arg>
</arguments>
<msg timestamp="20200807 01:37:18.605" level="INFO">Opening browser 'chrome' to base url 'https://ecom-test-dat.worldticket.net/'.</msg>
<status status="PASS" starttime="20200807 01:37:18.605" endtime="20200807 01:37:34.317"></status>
</kw>
<kw name="Maximize Browser Window" library="Selenium2Library">
<doc>Maximizes current browser window.</doc>
<status status="PASS" starttime="20200807 01:37:34.318" endtime="20200807 01:37:36.625"></status>
</kw>
<status status="PASS" starttime="20200807 01:37:18.605" endtime="20200807 01:37:36.626"></status>
</kw>
<kw name="Check title name">
<kw name="Get Title" library="Selenium2Library">
<doc>Returns the title of the current page.</doc>
<assign>
<var>${title_text}</var>
</assign>
<msg timestamp="20200807 01:37:36.639" level="INFO">${title_text} = WorldTicket New Airtickets Booking</msg>
<status status="PASS" starttime="20200807 01:37:36.628" endtime="20200807 01:37:36.639"></status>
</kw>
<kw name="Should Contain" library="BuiltIn">
<doc>Fails if ``container`` does not contain ``item`` one or more times.</doc>
<arguments>
<arg>${title_text}</arg>
<arg>WorldTicket</arg>
</arguments>
<status status="PASS" starttime="20200807 01:37:36.639" endtime="20200807 01:37:36.640"></status>
</kw>
<status status="PASS" starttime="20200807 01:37:36.627" endtime="20200807 01:37:36.640"></status>
</kw>
<kw name="Accept use cookies">
<kw name="Wait Until Element Is Visible" library="Selenium2Library">
<doc>Waits until the element ``locator`` is visible.</doc>
<arguments>
<arg>//a[@href="javascript:setCookieLaw(1);"]</arg>
</arguments>
<status status="PASS" starttime="20200807 01:37:36.642" endtime="20200807 01:37:37.006"></status>
</kw>
<kw name="Click Link" library="Selenium2Library">
<doc>Clicks a link identified by ``locator``.</doc>
<arguments>
<arg>//a[@href="javascript:setCookieLaw(1);"]</arg>
</arguments>
<msg timestamp="20200807 01:37:37.006" level="INFO">Clicking link '//a[@href="javascript:setCookieLaw(1);"]'.</msg>
<status status="PASS" starttime="20200807 01:37:37.006" endtime="20200807 01:37:37.220"></status>
</kw>
<status status="PASS" starttime="20200807 01:37:36.641" endtime="20200807 01:37:37.220"></status>
</kw>
<kw name="Click the Profile icon">
<kw name="Wait Until Element Is Visible" library="Selenium2Library">
<doc>Waits until the element ``locator`` is visible.</doc>
<arguments>
<arg>//a[@href="https://ecom-test-dat.worldticket.net/customer/account/login/"]</arg>
</arguments>
<status status="PASS" starttime="20200807 01:37:37.225" endtime="20200807 01:37:41.747"></status>
</kw>
<kw name="Click Link" library="Selenium2Library">
<doc>Clicks a link identified by ``locator``.</doc>
<arguments>
<arg>//a[@href="https://ecom-test-dat.worldticket.net/customer/account/login/"]</arg>
</arguments>
<msg timestamp="20200807 01:37:41.748" level="INFO">Clicking link '//a[@href="https://ecom-test-dat.worldticket.net/customer/account/login/"]'.</msg>
<status status="PASS" starttime="20200807 01:37:41.747" endtime="20200807 01:37:42.799"></status>
</kw>
<status status="PASS" starttime="20200807 01:37:37.223" endtime="20200807 01:37:42.800"></status>
</kw>
<kw name="Login by email">
<kw name="Wait Until Element Is Visible" library="Selenium2Library">
<doc>Waits until the element ``locator`` is visible.</doc>
<arguments>
<arg>name=username</arg>
</arguments>
<status status="PASS" starttime="20200807 01:37:42.802" endtime="20200807 01:37:47.458"></status>
</kw>
<kw name="Input Text" library="Selenium2Library">
<doc>Types the given ``text`` into the text field identified by ``locator``.</doc>
<arguments>
<arg>name=username</arg>
<arg>tester@worldticket.net</arg>
</arguments>
<msg timestamp="20200807 01:37:47.458" level="INFO">Typing text 'tester@worldticket.net' into text field 'name=username'.</msg>
<status status="PASS" starttime="20200807 01:37:47.458" endtime="20200807 01:37:48.474"></status>
</kw>
<kw name="Input Password" library="Selenium2Library">
<doc>Types the given password into the text field identified by ``locator``.</doc>
<arguments>
<arg>name=password</arg>
<arg>atm1234</arg>
</arguments>
<msg timestamp="20200807 01:37:48.475" level="INFO">Typing password into text field 'name=password'.</msg>
<msg timestamp="20200807 01:37:48.522" level="INFO">Temporally setting log level to: NONE</msg>
<msg timestamp="20200807 01:37:48.602" level="INFO">Log level changed from NONE to INFO.</msg>
<status status="PASS" starttime="20200807 01:37:48.474" endtime="20200807 01:37:48.602"></status>
</kw>
<kw name="Click Button" library="Selenium2Library">
<doc>Clicks the button identified by ``locator``.</doc>
<arguments>
<arg>class=button</arg>
</arguments>
<msg timestamp="20200807 01:37:48.602" level="INFO">Clicking button 'class=button'.</msg>
<status status="PASS" starttime="20200807 01:37:48.602" endtime="20200807 01:37:48.833"></status>
</kw>
<status status="PASS" starttime="20200807 01:37:42.801" endtime="20200807 01:37:48.833"></status>
</kw>
<kw name="Check the user name">
<kw name="Wait Until Element Is Visible" library="Selenium2Library">
<doc>Waits until the element ``locator`` is visible.</doc>
<arguments>
<arg>//a[@class="prpop-close-btn"]</arg>
</arguments>
<status status="PASS" starttime="20200807 01:37:48.835" endtime="20200807 01:37:53.526"></status>
</kw>
<kw name="Click Link" library="Selenium2Library">
<doc>Clicks a link identified by ``locator``.</doc>
<arguments>
<arg>//a[@class="prpop-close-btn"]</arg>
</arguments>
<msg timestamp="20200807 01:37:53.526" level="INFO">Clicking link '//a[@class="prpop-close-btn"]'.</msg>
<status status="PASS" starttime="20200807 01:37:53.526" endtime="20200807 01:37:53.595"></status>
</kw>
<kw name="Element Should Contain" library="Selenium2Library">
<doc>Verifies that element ``locator`` contains text ``expected``.</doc>
<arguments>
<arg>//p[@class="hello"]</arg>
<arg>Junior Tester</arg>
</arguments>
<msg timestamp="20200807 01:37:53.754" level="INFO">Element '//p[@class="hello"]' contains text 'Junior Tester'.</msg>
<status status="PASS" starttime="20200807 01:37:53.596" endtime="20200807 01:37:53.754"></status>
</kw>
<status status="PASS" starttime="20200807 01:37:48.834" endtime="20200807 01:37:53.754"></status>
</kw>
<kw name="Click the account information tab">
<kw name="Click Link" library="Selenium2Library">
<doc>Clicks a link identified by ``locator``.</doc>
<arguments>
<arg>//a[@href="https://ecom-test-dat.worldticket.net/customer/account/edit/"]</arg>
</arguments>
<msg timestamp="20200807 01:37:53.755" level="INFO">Clicking link '//a[@href="https://ecom-test-dat.worldticket.net/customer/account/edit/"]'.</msg>
<status status="PASS" starttime="20200807 01:37:53.755" endtime="20200807 01:37:57.113"></status>
</kw>
<status status="PASS" starttime="20200807 01:37:53.755" endtime="20200807 01:37:57.113"></status>
</kw>
<kw name="Check email address">
<kw name="Get Value" library="Selenium2Library">
<doc>Returns the value attribute of the element identified by ``locator``.</doc>
<arguments>
<arg>//input[@name="email"]</arg>
</arguments>
<assign>
<var>${email_txt}</var>
</assign>
<msg timestamp="20200807 01:37:57.137" level="INFO">${email_txt} = tester@worldticket.net</msg>
<status status="PASS" starttime="20200807 01:37:57.114" endtime="20200807 01:37:57.137"></status>
</kw>
<kw name="Should Be Equal" library="BuiltIn">
<doc>Fails if the given objects are unequal.</doc>
<arguments>
<arg>${email_txt}</arg>
<arg>tester@worldticket.net</arg>
</arguments>
<status status="PASS" starttime="20200807 01:37:57.137" endtime="20200807 01:37:57.138"></status>
</kw>
<status status="PASS" starttime="20200807 01:37:57.114" endtime="20200807 01:37:57.138"></status>
</kw>
<kw name="Close All Browsers" library="Selenium2Library" type="teardown">
<doc>Closes all open browsers and resets the browser cache.</doc>
<status status="PASS" starttime="20200807 01:37:57.139" endtime="20200807 01:38:00.894"></status>
</kw>
<status status="PASS" starttime="20200807 01:37:18.604" endtime="20200807 01:38:00.896" critical="yes"></status>
</test>
<status status="PASS" starttime="20200807 01:37:18.182" endtime="20200807 01:38:00.901"></status>
</suite>
<statistics>
<total>
<stat pass="1" fail="0">Critical Tests</stat>
<stat pass="1" fail="0">All Tests</stat>
</total>
<tag>
</tag>
<suite>
<stat pass="1" fail="0" id="s1" name="WorldTicketProject">WorldTicketProject</stat>
</suite>
</statistics>
<errors>
</errors>
</robot>
